<?xml version="1.0" encoding="UTF-8"?>
<testsuite xmlns:xsi="http://www.w3.org/2001/XMLSchema-instance" xsi:noNamespaceSchemaLocation="https://maven.apache.org/surefire/maven-surefire-plugin/xsd/surefire-test-report.xsd" name="com.telecom.stepdefinition.TestRunner" time="216.765" tests="4" errors="0" skipped="0" failures="0">
  <properties>
[...]
</properties>
  <testcase name="Add Customer" classname="Add Customer flow validation" time="141.364"/>
  <testcase name="AddTarficplan" classname="AddTarficplan" time="27.983"/>
  <testcase name="AddTarficplan" classname="AddTarficplan" time="23.204"/>
  <testcase name="AddTarficplan" classname="AddTarficplan" time="22.082"/>
</testsuite>